2025-01-18 17:20:32 [32minfo[39m: Attempting to register user: ashan
2025-01-18 17:20:36 [32minfo[39m: User registered successfully with username: ashan
2025-01-18 17:22:43 [32minfo[39m: Attempting to log in user: ashan
2025-01-18 17:22:43 [32minfo[39m: User logged in successfully with username: ashan
2025-01-18 17:24:29 [32minfo[39m: Attempting to log in user: ashan
2025-01-18 17:24:29 [31merror[39m: Attempt failed to log in user: invalid credentials
2025-01-18 17:27:28 [32minfo[39m: Attempting to log in user: ashan
2025-01-18 17:27:29 [32minfo[39m: User logged in successfully with username: ashan
2025-01-18 17:38:16 [32minfo[39m: Attempting to update user: 678b95890f9201b09d51c9fc
2025-01-18 17:38:17 [32minfo[39m: User updated successfully: 678b95890f9201b09d51c9fc
2025-01-18 17:44:03 [32minfo[39m: Attempting to update user: 678b95890f9201b09d51c9fc
2025-01-18 17:44:03 [32minfo[39m: Incoming body:
2025-01-18 17:44:03 [32minfo[39m: Updating field: first_name => Ashan
2025-01-18 17:44:03 [32minfo[39m: Updating field: last_name => Tharindu
2025-01-18 17:44:03 [32minfo[39m: Updating field: address => No:73/1,Dj Wimalasurendra Mawatha,Galle
2025-01-18 17:44:03 [32minfo[39m: Updating field: city => Galle
2025-01-18 17:44:03 [32minfo[39m: Updating field: postal_code => 80000
2025-01-18 17:44:03 [32minfo[39m: Updating field: country => Sri Lanka
2025-01-18 17:44:03 [32minfo[39m: Updating field: phone => 0771196408
2025-01-18 17:44:03 [32minfo[39m: Updating field: email => ashan@example.com
2025-01-18 17:44:03 [32minfo[39m: Updating field: password => ashan1234
2025-01-18 17:44:03 [32minfo[39m: Updating field: username => ashan
2025-01-18 17:44:03 [32minfo[39m: Updating field: role => admin
2025-01-18 17:44:03 [32minfo[39m: User updated successfully: 678b95890f9201b09d51c9fc
2025-01-18 17:49:04 [32minfo[39m: Attempting to update user: 678b95890f9201b09d51c9fc
2025-01-18 17:49:04 [32minfo[39m: Incoming body:
2025-01-18 17:49:04 [32minfo[39m: User updated successfully: 678b95890f9201b09d51c9fc
2025-01-18 17:51:39 [32minfo[39m: Attempting to update user: 678b95890f9201b09d51c9fc
2025-01-18 17:51:39 [32minfo[39m: User updated successfully: 678b95890f9201b09d51c9fc
2025-01-18 17:55:25 [32minfo[39m: Attempting to delete user: 678b95890f9201b09d51c9fc
2025-01-18 17:55:26 [32minfo[39m: User deleted successfully: 678b95890f9201b09d51c9fc
2025-01-18 17:56:39 [32minfo[39m: Attempting to register user: ashan
2025-01-18 17:56:40 [32minfo[39m: User registered successfully with username: ashan
2025-01-18 17:59:39 [32minfo[39m: Attempting to log in user: ashan
2025-01-18 17:59:39 [32minfo[39m: User logged in successfully with username: ashan
2025-01-18 18:00:07 [32minfo[39m: Attempting to update user: 678b9dff93c315290f601341
2025-01-18 18:00:07 [32minfo[39m: User updated successfully: 678b9dff93c315290f601341
2025-01-18 18:00:39 [32minfo[39m: Attempting to delete user: 678b9dff93c315290f601341
2025-01-18 18:00:39 [32minfo[39m: User deleted successfully: 678b9dff93c315290f601341
2025-01-18 18:00:43 [32minfo[39m: Attempting to register user: ashan
2025-01-18 18:00:43 [32minfo[39m: User registered successfully with username: ashan
2025-01-18 18:00:59 [32minfo[39m: Attempting to log in user: ashan
2025-01-18 18:00:59 [32minfo[39m: User logged in successfully with username: ashan
2025-01-18 18:01:06 [32minfo[39m: Attempting to update user: 678b9ef393c315290f601348
2025-01-18 18:01:06 [32minfo[39m: User updated successfully: 678b9ef393c315290f601348
2025-01-18 18:01:19 [32minfo[39m: Attempting to log in user: ashan
2025-01-18 18:01:19 [32minfo[39m: User logged in successfully with username: ashan
2025-01-18 18:01:36 [32minfo[39m: Attempting to update user: 678b9ef393c315290f601348
2025-01-18 18:01:36 [32minfo[39m: User updated successfully: 678b9ef393c315290f601348
2025-01-18 18:01:49 [32minfo[39m: Attempting to log in user: ashan
2025-01-18 18:01:50 [31merror[39m: Attempt failed to log in user: invalid credentials
2025-01-18 18:01:56 [32minfo[39m: Attempting to log in user: ashan
2025-01-18 18:01:56 [32minfo[39m: User logged in successfully with username: ashan
2025-01-18 19:12:06 [32minfo[39m: Attempting to log in user: ashan
2025-01-18 19:12:06 [32minfo[39m: User logged in successfully with username: ashan
2025-01-18 19:12:23 [32minfo[39m: Attempting to log in user: ashan
2025-01-18 19:12:23 [31merror[39m: Attempt failed to log in user: invalid credentials
2025-01-18 19:12:35 [32minfo[39m: Attempting to log in user: ashan
2025-01-18 19:12:35 [31merror[39m: Attempt failed to log in user: invalid credentials
2025-01-18 19:13:09 [32minfo[39m: Attempting to log in user: ashan
2025-01-18 19:13:10 [32minfo[39m: User logged in successfully with username: ashan
2025-01-18 19:14:07 [32minfo[39m: Attempting to get user: 678b9ef393c315290f601348
2025-01-18 20:01:34 [32minfo[39m: Attempting to log in user: ashan
2025-01-18 20:01:35 [32minfo[39m: User logged in successfully with username: ashan
2025-01-18 20:01:56 [32minfo[39m: Attempting to get user: 678b9ef393c315290f601348
2025-01-18 20:10:24 [32minfo[39m: Attempting to log in user: ashan
2025-01-18 20:10:25 [32minfo[39m: User logged in successfully with username: ashan
2025-01-18 20:20:59 [32minfo[39m: User with id: 678b9ef393c315290f601348 and role: undefined is authorized
2025-01-18 20:20:59 [32minfo[39m: Checking permission: view_user_profile
2025-01-18 20:20:59 [31merror[39m: Role not defined in the request
2025-01-18 20:21:40 [32minfo[39m: User with id: 678b9ef393c315290f601348 and role: admin is authorized
2025-01-18 20:21:40 [32minfo[39m: Checking permission: view_user_profile
2025-01-18 20:21:40 [32minfo[39m: Attempting to get user: 678b9ef393c315290f601348
2025-01-19 13:19:56 [32minfo[39m: Attempting to register user: chanmi
2025-01-19 13:19:56 [31merror[39m: Attempt failed to register user: user already exists
2025-01-19 13:20:10 [32minfo[39m: Attempting to register user: chanmi
2025-01-19 13:20:11 [32minfo[39m: User registered successfully with username: chanmi
2025-01-19 13:21:01 [32minfo[39m: Attempting to log in user: chanmi
2025-01-19 13:21:01 [32minfo[39m: User logged in successfully with username: chanmi
2025-01-19 13:21:35 [32minfo[39m: User with id: 678caeb3bc856ae62107fb75 and role: teacher is authorized
2025-01-19 13:21:35 [31merror[39m: Request denied: User with role: teacher does not have permission: view_user_profile
2025-01-19 13:22:02 [32minfo[39m: User with id: 678caeb3bc856ae62107fb75 and role: teacher is authorized
2025-01-19 13:22:02 [32minfo[39m: Attempting to get user: 678b9ef393c315290f601348
2025-01-19 13:32:50 [32minfo[39m: User with id: 678caeb3bc856ae62107fb75 and role: teacher is authorized
2025-01-19 13:32:50 [32minfo[39m: Attempting to get user: 678caeb3bc856ae62107fb75
2025-01-19 14:11:30 [32minfo[39m: User with id: 678b9ef393c315290f601348 and role: admin is authorized
2025-01-19 14:11:30 [32minfo[39m: Attempting to get user: 678b9ef393c315290f601348
2025-01-19 14:14:25 [32minfo[39m: User with id: 678b9ef393c315290f601348 and role: admin is authorized
2025-01-19 14:14:25 [32minfo[39m: Attempting to get user: 678b9ef393c315290f601348
2025-01-19 14:17:15 [32minfo[39m: User with id: 678b9ef393c315290f601348 and role: admin is authorized
2025-01-19 14:17:15 [32minfo[39m: Attempting to get user: 678b9ef393c315290f601348
2025-01-19 14:18:29 [32minfo[39m: User with id: 678b9ef393c315290f601348 and role: admin is authorized
2025-01-19 14:18:29 [32minfo[39m: Attempting to get user: 678b9ef393c315290f601348
2025-01-19 14:20:04 [32minfo[39m: User with id: 678b9ef393c315290f601348 and role: admin is authorized
2025-01-19 14:20:04 [32minfo[39m: Attempting to get user: 678b9ef393c315290f601348
2025-01-19 14:20:05 [32minfo[39m: User with id: 678b9ef393c315290f601348 and role: admin is authorized
2025-01-19 14:20:05 [32minfo[39m: Attempting to get user: 678b9ef393c315290f601348
2025-01-19 14:20:58 [32minfo[39m: User with id: 678b9ef393c315290f601348 and role: admin is authorized
2025-01-19 14:20:58 [32minfo[39m: Attempting to get user: 678b9ef393c315290f601348
2025-01-19 14:21:42 [32minfo[39m: User with id: 678b9ef393c315290f601348 and role: admin is authorized
2025-01-19 14:21:42 [32minfo[39m: Attempting to get user: 678b9ef393c315290f601348
2025-01-19 14:21:59 [32minfo[39m: User with id: 678b9ef393c315290f601348 and role: admin is authorized
2025-01-19 14:21:59 [32minfo[39m: Attempting to get user: 678b9ef393c315290f601348
2025-01-19 14:22:18 [32minfo[39m: User with id: 678b9ef393c315290f601348 and role: admin is authorized
2025-01-19 14:22:18 [32minfo[39m: Attempting to get all users
2025-01-19 14:23:34 [32minfo[39m: User with id: 678b9ef393c315290f601348 and role: admin is authorized
2025-01-19 14:23:34 [32minfo[39m: Attempting to get all users
2025-01-19 14:23:55 [32minfo[39m: User with id: 678b9ef393c315290f601348 and role: admin is authorized
2025-01-19 14:23:55 [32minfo[39m: Attempting to get user: 678b9ef393c315290f601348
2025-01-19 14:24:18 [32minfo[39m: Attempting to log in user: chanmi
2025-01-19 14:24:18 [32minfo[39m: User logged in successfully with username: chanmi
2025-01-19 14:24:43 [32minfo[39m: User with id: 678caeb3bc856ae62107fb75 and role: teacher is authorized
2025-01-19 14:24:43 [32minfo[39m: Attempting to get user: 678caeb3bc856ae62107fb75
2025-01-19 14:25:16 [32minfo[39m: User with id: 678caeb3bc856ae62107fb75 and role: teacher is authorized
2025-01-19 14:25:16 [31merror[39m: Request denied: User with role: teacher does not have permission: get_all_users
2025-01-19 14:25:24 [32minfo[39m: User with id: 678b9ef393c315290f601348 and role: admin is authorized
2025-01-19 14:25:24 [32minfo[39m: Attempting to get all users
2025-01-19 18:11:24 [32minfo[39m: Attempting to register user: chanmi
2025-01-19 18:11:24 [31merror[39m: Error registering user:  user validation failed: role: `teacher` is not a valid enum value for path `role`.
2025-01-19 18:14:07 [32minfo[39m: Attempting to register user: chanmi
2025-01-19 18:14:07 [31merror[39m: Update attempt failed: Invalid role
2025-01-19 18:14:19 [32minfo[39m: Attempting to register user: chanmi
2025-01-19 18:14:20 [32minfo[39m: User registered successfully with username: chanmi
2025-01-19 18:15:11 [32minfo[39m: Attempting to register user: ashan
2025-01-19 18:15:11 [32minfo[39m: User registered successfully with username: ashan
